<?xml version="1.0" encoding="UTF-8"?>
<testng-results skipped="0" failed="0" ignored="0" total="1" passed="1">
  <reporter-output>
  </reporter-output>
  <suite name="Command line suite" duration-ms="16" started-at="2018-11-14T09:50:14Z" finished-at="2018-11-14T09:50:14Z">
    <groups>
    </groups>
    <test name="Command line test" duration-ms="16" started-at="2018-11-14T09:50:14Z" finished-at="2018-11-14T09:50:14Z">
      <class name="TraingSession.Day1.AppTest">
        <test-method status="PASS" signature="testApp()[pri:0, instance:testApp(TraingSession.Day1.AppTest)]" name="testApp" duration-ms="4" started-at="2018-11-14T09:50:14Z" finished-at="2018-11-14T09:50:14Z">
          <reporter-output>
          </reporter-output>
        </test-method> <!-- testApp -->
      </class> <!-- TraingSession.Day1.AppTest -->
    </test> <!-- Command line test -->
  </suite> <!-- Command line suite -->
</testng-results>
